<?xml version="1.0" encoding="UTF-8"?>
<testsuite name="com.adventure.MT3" tests="10" skipped="0" failures="0" errors="0" timestamp="2025-09-27T01:51:20" hostname="stevemurimi-ThinkPad-X1-Yoga-2nd" time="1.31">
  <properties/>
  <testcase name="testPlayerMovementInvalid()" classname="com.adventure.MT3" time="0.062"/>
  <testcase name="testPlayerMovementEast()" classname="com.adventure.MT3" time="0.009"/>
  <testcase name="testPlayerMovementWest()" classname="com.adventure.MT3" time="0.005"/>
  <testcase name="testInvalidMoveInput()" classname="com.adventure.MT3" time="1.169"/>
  <testcase name="testPrompt2()" classname="com.adventure.MT3" time="0.006"/>
  <testcase name="checkMoveInputEast()" classname="com.adventure.MT3" time="0.002"/>
  <testcase name="checkMoveInputWest()" classname="com.adventure.MT3" time="0.002"/>
  <testcase name="testUseInput()" classname="com.adventure.MT3" time="0.033"/>
  <testcase name="checkSimpleInput()" classname="com.adventure.MT3" time="0.004"/>
  <testcase name="testPrompt()" classname="com.adventure.MT3" time="0.001"/>
  <system-out><![CDATA[]]></system-out>
  <system-err><![CDATA[]]></system-err>
</testsuite>
